[2024-03-16 07:16:06] root: INFO: Starting Flye 2.9.2-b1786
[2024-03-16 07:16:06] root: DEBUG: Cmd: /n/boslfs02/LABS/sfortune_lab/Lab/envs/assembly/bin/flye --nano-corr ./fastq/LibSingle_combo_nanopore.fastq.gz -t 8 -g 4m -o ./flye_assembly_nano_corr
[2024-03-16 07:16:06] root: DEBUG: Python version: 3.10.8 | packaged by conda-forge | (main, Nov 22 2022, 08:23:14) [GCC 10.4.0]
[2024-03-16 07:16:06] root: INFO: >>>STAGE: configure
[2024-03-16 07:16:06] root: INFO: Configuring run
[2024-03-16 07:16:12] root: INFO: Total read length: 348756198
[2024-03-16 07:16:12] root: INFO: Input genome size: 4000000
[2024-03-16 07:16:12] root: INFO: Estimated coverage: 87
[2024-03-16 07:16:12] root: INFO: Reads N50/N90: 8928 / 1435
[2024-03-16 07:16:12] root: INFO: Minimum overlap set to 1000
[2024-03-16 07:16:12] root: INFO: >>>STAGE: assembly
[2024-03-16 07:16:12] root: INFO: Assembling disjointigs
[2024-03-16 07:16:12] root: DEBUG: -----Begin assembly log------
[2024-03-16 07:16:12] root: DEBUG: Running: flye-modules assemble --reads /n/holyscratch01/sfortune_lab/mchase/LibSingle_combo/fastq/LibSingle_combo_nanopore.fastq.gz --out-asm /n/holyscratch01/sfortune_lab/mchase/LibSingle_combo/flye_assembly_nano_corr/00-assembly/draft_assembly.fasta --config /n/boslfs02/LABS/sfortune_lab/Lab/envs/assembly/lib/python3.10/site-packages/flye/config/bin_cfg/asm_corrected_reads.cfg --log /n/holyscratch01/sfortune_lab/mchase/LibSingle_combo/flye_assembly_nano_corr/flye.log --threads 8 --genome-size 4000000 --min-ovlp 1000
[2024-03-16 07:16:12] DEBUG: Build date: May 16 2023 07:09:57
[2024-03-16 07:16:12] DEBUG: Total RAM: 188 Gb
[2024-03-16 07:16:12] DEBUG: Available RAM: 178 Gb
[2024-03-16 07:16:12] DEBUG: Total CPUs: 48
[2024-03-16 07:16:12] DEBUG: Loading /n/boslfs02/LABS/sfortune_lab/Lab/envs/assembly/lib/python3.10/site-packages/flye/config/bin_cfg/asm_corrected_reads.cfg
[2024-03-16 07:16:12] DEBUG: Loading /n/boslfs02/LABS/sfortune_lab/Lab/envs/assembly/lib/python3.10/site-packages/flye/config/bin_cfg/asm_defaults.cfg
[2024-03-16 07:16:12] DEBUG: 	big_genome_threshold=29000000
[2024-03-16 07:16:12] DEBUG: 	meta_read_filter_kmer_freq=100
[2024-03-16 07:16:12] DEBUG: 	chain_large_gap_penalty=2
[2024-03-16 07:16:12] DEBUG: 	chain_small_gap_penalty=0.5
[2024-03-16 07:16:12] DEBUG: 	chain_gap_jump_threshold=100
[2024-03-16 07:16:12] DEBUG: 	max_coverage_drop_rate=5
[2024-03-16 07:16:12] DEBUG: 	max_extensions_drop_rate=5
[2024-03-16 07:16:12] DEBUG: 	chimera_window=100
[2024-03-16 07:16:12] DEBUG: 	chimera_overhang=1000
[2024-03-16 07:16:12] DEBUG: 	min_reads_in_disjointig=4
[2024-03-16 07:16:12] DEBUG: 	max_inner_reads=10
[2024-03-16 07:16:12] DEBUG: 	max_inner_fraction=0.25
[2024-03-16 07:16:12] DEBUG: 	max_separation=500
[2024-03-16 07:16:12] DEBUG: 	unique_edge_length=50000
[2024-03-16 07:16:12] DEBUG: 	min_repeat_res_support=0.51
[2024-03-16 07:16:12] DEBUG: 	out_paths_ratio=5
[2024-03-16 07:16:12] DEBUG: 	graph_cov_drop_rate=5
[2024-03-16 07:16:12] DEBUG: 	coverage_estimate_window=100
[2024-03-16 07:16:12] DEBUG: 	max_bubble_length=50000
[2024-03-16 07:16:12] DEBUG: 	loop_coverage_rate=1.5
[2024-03-16 07:16:12] DEBUG: 	repeat_edge_cov_mult=1.75
[2024-03-16 07:16:12] DEBUG: 	weak_detach_rate=5
[2024-03-16 07:16:12] DEBUG: 	tip_coverage_rate=2
[2024-03-16 07:16:12] DEBUG: 	tip_length_rate=2
[2024-03-16 07:16:12] DEBUG: 	output_gfa_before_rr=0
[2024-03-16 07:16:12] DEBUG: 	remove_alt_edges=0
[2024-03-16 07:16:12] DEBUG: 	low_cutoff_warning=0
[2024-03-16 07:16:12] DEBUG: 	kmer_size=17
[2024-03-16 07:16:12] DEBUG: 	use_minimizers=1
[2024-03-16 07:16:12] DEBUG: 	minimizer_window=5
[2024-03-16 07:16:12] DEBUG: 	reads_base_alignment=1
[2024-03-16 07:16:12] DEBUG: 	meta_read_top_kmer_rate=0.75
[2024-03-16 07:16:12] DEBUG: 	maximum_jump=1500
[2024-03-16 07:16:12] DEBUG: 	maximum_overhang=500
[2024-03-16 07:16:12] DEBUG: 	repeat_kmer_rate=100
[2024-03-16 07:16:12] DEBUG: 	assemble_ovlp_divergence=0.03
[2024-03-16 07:16:12] DEBUG: 	assemble_divergence_relative=1
[2024-03-16 07:16:12] DEBUG: 	repeat_graph_ovlp_divergence=0.03
[2024-03-16 07:16:12] DEBUG: 	read_align_ovlp_divergence=0.10
[2024-03-16 07:16:12] DEBUG: 	hpc_scoring_on=1
[2024-03-16 07:16:12] DEBUG: 	add_unassembled_reads=0
[2024-03-16 07:16:12] DEBUG: 	extend_contigs_with_repeats=0
[2024-03-16 07:16:12] DEBUG: 	min_read_cov_cutoff=3
[2024-03-16 07:16:12] DEBUG: 	short_tip_length=10000
[2024-03-16 07:16:12] DEBUG: 	long_tip_length=100000
[2024-03-16 07:16:12] DEBUG: Running with k-mer size: 17
[2024-03-16 07:16:12] DEBUG: Running with minimum overlap 1000
[2024-03-16 07:16:12] DEBUG: Metagenome mode: N
[2024-03-16 07:16:12] DEBUG: Short mode: N
[2024-03-16 07:16:12] INFO: Reading sequences
[2024-03-16 07:16:17] DEBUG: Building positional index
[2024-03-16 07:16:17] DEBUG: Total sequence: 327891942 bp
[2024-03-16 07:16:17] INFO: Building minimizer index
[2024-03-16 07:16:17] INFO: Pre-calculating index storage
[2024-03-16 07:16:24] DEBUG: Mean k-mer frequency: 5.79992
[2024-03-16 07:16:24] DEBUG: Repetitive k-mer frequency: 579
[2024-03-16 07:16:24] DEBUG: Filtered 583686 repetitive k-mers (0.00535681)
[2024-03-16 07:16:24] INFO: Filling index
[2024-03-16 07:16:30] DEBUG: Sorting k-mer index
[2024-03-16 07:16:31] DEBUG: Selected k-mers: 18786062
[2024-03-16 07:16:31] DEBUG: K-mer index size: 108377796
[2024-03-16 07:16:31] DEBUG: Mean k-mer frequency: 5.76905
[2024-03-16 07:16:31] DEBUG: Minimizer rate: 3.02545
[2024-03-16 07:16:31] DEBUG: Peak RAM usage: 1 Gb
[2024-03-16 07:16:31] DEBUG: Estimating k-mer identity bias
[2024-03-16 07:16:36] DEBUG: Initial divergence estimate : 0.0292591
[2024-03-16 07:16:36] DEBUG: Relative threshold: Y
[2024-03-16 07:16:36] DEBUG: Max divergence threshold set to 0.0592591
[2024-03-16 07:16:36] INFO: Extending reads
[2024-03-16 07:16:36] DEBUG: Estimating overlap coverage
[2024-03-16 07:17:09] INFO: Overlap-based coverage: 57
[2024-03-16 07:17:09] INFO: Median overlap divergence: 0.0296795
[2024-03-16 07:17:09] DEBUG: Sequence divergence distribution: 

    |    *      |                                                                                        
    |    *      |                                                                                        
    |    *      |                                                                                        
    |    **     |                                                                                        
    |   ***     |                                                                                        
    |   ****    |                                                                                        
    |   ****    |                                                                                        
    |   ****    |                                                                                        
    |   ****    |                                                                                        
    |   ****    |                                                                                        
    |   *****   |                                                                                        
    |   *****   |                                                                                        
    |   *****   |                                                                                        
    |   ******  |                                                                                        
    |  *******  |                                                                                        
    |  *********|                                                                                        
    |  **********                                                                                        
    |  **********  *                                                                                     
    | ***************  *                                                                                 
    | ************************* * **** **  *      ****                                                   
    ----------------------------------------------------------------------------------------------------
    0%        5%        10%       15%       20%       25%       30%       35%       40%       45%       

    Q25 = 0.022, Q50 = 0.03, Q75 = 0.043

[2024-03-16 07:17:56] DEBUG: Assembled disjointig 1
	With 391 reads
	Start read: +d2bb8fc4-693c-4974-93d2-cf9a9ad12326
	At position: 388
	leftTip: 0 rightTip: 0
	Suspicious: 0
	Short ext: 0
	Mean extensions: 36
	Avg overlap len: 35545
	Min overlap len: 2255
	Inner reads: 0
	Length: 4488978
[2024-03-16 07:17:56] DEBUG: Inner: 103852 covered: 106970 total: 123914
[2024-03-16 07:17:56] DEBUG: Discarded disjointig with 309 reads and 307 inner overlaps
[2024-03-16 07:17:56] DEBUG: Discarded disjointig with 387 reads and 385 inner overlaps
[2024-03-16 07:17:56] DEBUG: Discarded disjointig with 383 reads and 381 inner overlaps
[2024-03-16 07:17:56] DEBUG: Discarded disjointig with 272 reads and 270 inner overlaps
[2024-03-16 07:17:56] DEBUG: Discarded disjointig with 385 reads and 383 inner overlaps
[2024-03-16 07:17:56] DEBUG: Discarded disjointig with 384 reads and 382 inner overlaps
[2024-03-16 07:17:56] DEBUG: Discarded disjointig with 351 reads and 349 inner overlaps
[2024-03-16 07:18:28] INFO: Assembled 1 disjointigs
[2024-03-16 07:18:28] INFO: Generating sequence
[2024-03-16 07:18:28] DEBUG: Building positional index
[2024-03-16 07:18:28] DEBUG: Total sequence: 4488834 bp
[2024-03-16 07:18:29] DEBUG: Mean k-mer frequency: 1.03894
[2024-03-16 07:18:29] DEBUG: Repetitive k-mer frequency: 103
[2024-03-16 07:18:29] DEBUG: Filtered 0 repetitive k-mers (0)
[2024-03-16 07:18:29] DEBUG: Sorting k-mer index
[2024-03-16 07:18:29] DEBUG: Selected k-mers: 1440148
[2024-03-16 07:18:29] DEBUG: K-mer index size: 1496234
[2024-03-16 07:18:29] DEBUG: Mean k-mer frequency: 1.03894
[2024-03-16 07:18:29] DEBUG: Minimizer rate: 3.00009
[2024-03-16 07:18:29] INFO: Filtering contained disjointigs
[2024-03-16 07:18:31] DEBUG: Computing transitive closure for overlaps
[2024-03-16 07:18:31] DEBUG: Found 4 overlaps
[2024-03-16 07:18:31] DEBUG: Left 4 overlaps after filtering
[2024-03-16 07:18:31] INFO: Contained seqs: 0
[2024-03-16 07:18:31] DEBUG: Writing FASTA
[2024-03-16 07:18:31] DEBUG: Peak RAM usage: 1 Gb
-----------End assembly log------------
[2024-03-16 07:18:31] root: DEBUG: Disjointigs length: 4488834, N50: 4488834
[2024-03-16 07:18:31] root: INFO: >>>STAGE: consensus
[2024-03-16 07:18:31] root: INFO: Running Minimap2
[2024-03-16 07:18:58] root: INFO: Computing consensus
[2024-03-16 07:19:55] root: INFO: Alignment error rate: 0.039365
[2024-03-16 07:19:55] root: INFO: >>>STAGE: repeat
[2024-03-16 07:19:55] root: INFO: Building and resolving repeat graph
[2024-03-16 07:19:55] root: DEBUG: -----Begin repeat analyser log------
[2024-03-16 07:19:55] root: DEBUG: Running: flye-modules repeat --disjointigs /n/holyscratch01/sfortune_lab/mchase/LibSingle_combo/flye_assembly_nano_corr/10-consensus/consensus.fasta --reads /n/holyscratch01/sfortune_lab/mchase/LibSingle_combo/fastq/LibSingle_combo_nanopore.fastq.gz --out-dir /n/holyscratch01/sfortune_lab/mchase/LibSingle_combo/flye_assembly_nano_corr/20-repeat --config /n/boslfs02/LABS/sfortune_lab/Lab/envs/assembly/lib/python3.10/site-packages/flye/config/bin_cfg/asm_corrected_reads.cfg --log /n/holyscratch01/sfortune_lab/mchase/LibSingle_combo/flye_assembly_nano_corr/flye.log --threads 8 --min-ovlp 1000
[2024-03-16 07:19:55] DEBUG: Build date: May 16 2023 07:10:26
[2024-03-16 07:19:55] DEBUG: Total RAM: 188 Gb
[2024-03-16 07:19:55] DEBUG: Available RAM: 178 Gb
[2024-03-16 07:19:55] DEBUG: Total CPUs: 48
[2024-03-16 07:19:55] DEBUG: Loading /n/boslfs02/LABS/sfortune_lab/Lab/envs/assembly/lib/python3.10/site-packages/flye/config/bin_cfg/asm_corrected_reads.cfg
[2024-03-16 07:19:55] DEBUG: Loading /n/boslfs02/LABS/sfortune_lab/Lab/envs/assembly/lib/python3.10/site-packages/flye/config/bin_cfg/asm_defaults.cfg
[2024-03-16 07:19:55] DEBUG: 	big_genome_threshold=29000000
[2024-03-16 07:19:55] DEBUG: 	meta_read_filter_kmer_freq=100
[2024-03-16 07:19:55] DEBUG: 	chain_large_gap_penalty=2
[2024-03-16 07:19:55] DEBUG: 	chain_small_gap_penalty=0.5
[2024-03-16 07:19:55] DEBUG: 	chain_gap_jump_threshold=100
[2024-03-16 07:19:55] DEBUG: 	max_coverage_drop_rate=5
[2024-03-16 07:19:55] DEBUG: 	max_extensions_drop_rate=5
[2024-03-16 07:19:55] DEBUG: 	chimera_window=100
[2024-03-16 07:19:55] DEBUG: 	chimera_overhang=1000
[2024-03-16 07:19:55] DEBUG: 	min_reads_in_disjointig=4
[2024-03-16 07:19:55] DEBUG: 	max_inner_reads=10
[2024-03-16 07:19:55] DEBUG: 	max_inner_fraction=0.25
[2024-03-16 07:19:55] DEBUG: 	max_separation=500
[2024-03-16 07:19:55] DEBUG: 	unique_edge_length=50000
[2024-03-16 07:19:55] DEBUG: 	min_repeat_res_support=0.51
[2024-03-16 07:19:55] DEBUG: 	out_paths_ratio=5
[2024-03-16 07:19:55] DEBUG: 	graph_cov_drop_rate=5
[2024-03-16 07:19:55] DEBUG: 	coverage_estimate_window=100
[2024-03-16 07:19:55] DEBUG: 	max_bubble_length=50000
[2024-03-16 07:19:55] DEBUG: 	loop_coverage_rate=1.5
[2024-03-16 07:19:55] DEBUG: 	repeat_edge_cov_mult=1.75
[2024-03-16 07:19:55] DEBUG: 	weak_detach_rate=5
[2024-03-16 07:19:55] DEBUG: 	tip_coverage_rate=2
[2024-03-16 07:19:55] DEBUG: 	tip_length_rate=2
[2024-03-16 07:19:55] DEBUG: 	output_gfa_before_rr=0
[2024-03-16 07:19:55] DEBUG: 	remove_alt_edges=0
[2024-03-16 07:19:55] DEBUG: 	low_cutoff_warning=0
[2024-03-16 07:19:55] DEBUG: 	kmer_size=17
[2024-03-16 07:19:55] DEBUG: 	use_minimizers=1
[2024-03-16 07:19:55] DEBUG: 	minimizer_window=5
[2024-03-16 07:19:55] DEBUG: 	reads_base_alignment=1
[2024-03-16 07:19:55] DEBUG: 	meta_read_top_kmer_rate=0.75
[2024-03-16 07:19:55] DEBUG: 	maximum_jump=1500
[2024-03-16 07:19:55] DEBUG: 	maximum_overhang=500
[2024-03-16 07:19:55] DEBUG: 	repeat_kmer_rate=100
[2024-03-16 07:19:55] DEBUG: 	assemble_ovlp_divergence=0.03
[2024-03-16 07:19:55] DEBUG: 	assemble_divergence_relative=1
[2024-03-16 07:19:55] DEBUG: 	repeat_graph_ovlp_divergence=0.03
[2024-03-16 07:19:55] DEBUG: 	read_align_ovlp_divergence=0.10
[2024-03-16 07:19:55] DEBUG: 	hpc_scoring_on=1
[2024-03-16 07:19:55] DEBUG: 	add_unassembled_reads=0
[2024-03-16 07:19:55] DEBUG: 	extend_contigs_with_repeats=0
[2024-03-16 07:19:55] DEBUG: 	min_read_cov_cutoff=3
[2024-03-16 07:19:55] DEBUG: 	short_tip_length=10000
[2024-03-16 07:19:55] DEBUG: 	long_tip_length=100000
[2024-03-16 07:19:55] DEBUG: Running with k-mer size: 17
[2024-03-16 07:19:55] DEBUG: Selected minimum overlap 1000
[2024-03-16 07:19:55] DEBUG: Metagenome mode: N
[2024-03-16 07:19:55] INFO: Parsing disjointigs
[2024-03-16 07:19:55] DEBUG: Building positional index
[2024-03-16 07:19:55] DEBUG: Total sequence: 4493795 bp
[2024-03-16 07:19:55] INFO: Building repeat graph
[2024-03-16 07:19:56] DEBUG: Mean k-mer frequency: 1.04428
[2024-03-16 07:19:56] DEBUG: Repetitive k-mer frequency: 104
[2024-03-16 07:19:56] DEBUG: Filtered 0 repetitive k-mers (0)
[2024-03-16 07:19:56] DEBUG: Sorting k-mer index
[2024-03-16 07:19:56] DEBUG: Selected k-mers: 1434315
[2024-03-16 07:19:56] DEBUG: K-mer index size: 1497822
[2024-03-16 07:19:56] DEBUG: Mean k-mer frequency: 1.04428
[2024-03-16 07:19:56] DEBUG: Minimizer rate: 3.00022
[2024-03-16 07:20:00] DEBUG: Computing transitive closure for overlaps
[2024-03-16 07:20:00] DEBUG: Found 784 overlaps
[2024-03-16 07:20:00] DEBUG: Left 320 overlaps after filtering
[2024-03-16 07:20:00] INFO: Median overlap divergence: 0.272727
[2024-03-16 07:20:00] DEBUG: Sequence divergence distribution: 

    |*     |                                                                                             
    |*     |                                                                                             
    |*     |                                                                                             
    |*     |                                                                                             
    |*     |                                                                                             
    |*     |                                                                                             
    |*     |                                                                                             
    |*     |                                                                                             
    |*     |                                                                                             
    |*     |                                                                                             
    |*     |                                                                                             
    |*     |                                                                                             
    |*     |                                                                                             
    |*     |                                                       *                                     
    |*     |                                                       *   *                                 
    |*     |                                                   *  **   *                                 
    |*     |                                  *             ** * **** **                                 
    |*     |                    *        *    *           ****** **** ***                                
    |*     |*                   *      * *   **    * * * ******* **** ***         *                      
    |*     |*     *     *    ****     ** *   ***   * * ********* *********    * * *                      
    ----------------------------------------------------------------------------------------------------
    0%        5%        10%       15%       20%       25%       30%       35%       40%       45%       

    Q25 = 0.13, Q50 = 0.27, Q75 = 0.31

[2024-03-16 07:20:00] DEBUG: Computing gluepoints
[2024-03-16 07:20:00] DEBUG: Added 0 gluepoint projections
[2024-03-16 07:20:00] DEBUG: Created 166 gluepoints
[2024-03-16 07:20:00] DEBUG: Artificial loops removed: 0 left, 0 right, 0 both
[2024-03-16 07:20:00] DEBUG: Initializing edges
[2024-03-16 07:20:00] DEBUG: Edges length checksum: 5725516763
[2024-03-16 07:20:00] DEBUG: Filtered 0 singleton segments
[2024-03-16 07:20:00] DEBUG: Removed 0 simple and 0 double chimeric junctions
[2024-03-16 07:20:00] DEBUG: Collapsed 2 edges
[2024-03-16 07:20:00] DEBUG:  	2	+disjointig_1	45062	46498	1436	
[2024-03-16 07:20:00] DEBUG: *	55	+disjointig_1	46498	244261	197763	
[2024-03-16 07:20:00] DEBUG:  	8	+disjointig_1	244261	245721	1460	
[2024-03-16 07:20:00] DEBUG: *	10	+disjointig_1	245721	261304	15583	
[2024-03-16 07:20:00] DEBUG:  	11	+disjointig_1	261304	262657	1353	
[2024-03-16 07:20:00] DEBUG: *	23	+disjointig_1	262657	298771	36114	
[2024-03-16 07:20:00] DEBUG:  	-11	+disjointig_1	298771	300124	1353	
[2024-03-16 07:20:00] DEBUG: *	15	+disjointig_1	300124	461358	161234	
[2024-03-16 07:20:00] DEBUG:  	31	+disjointig_1	461358	462437	1079	
[2024-03-16 07:20:00] DEBUG: *	34	+disjointig_1	462437	603362	140925	
[2024-03-16 07:20:00] DEBUG:  	37	+disjointig_1	603362	604557	1195	
[2024-03-16 07:20:00] DEBUG: *	-38	+disjointig_1	604557	606952	2395	
[2024-03-16 07:20:00] DEBUG:  	37	+disjointig_1	606952	608147	1195	
[2024-03-16 07:20:00] DEBUG: *	39	+disjointig_1	608147	769618	161471	
[2024-03-16 07:20:00] DEBUG:  	40	+disjointig_1	769618	771066	1448	
[2024-03-16 07:20:00] DEBUG: *	41	+disjointig_1	771066	896568	125502	
[2024-03-16 07:20:00] DEBUG:  	43	+disjointig_1	896568	897987	1419	
[2024-03-16 07:20:00] DEBUG: *	-6	+disjointig_1	897987	961558	63571	
[2024-03-16 07:20:00] DEBUG:  	-2	+disjointig_1	961558	962994	1436	
[2024-03-16 07:20:00] DEBUG: *	3	+disjointig_1	962994	1068781	105787	
[2024-03-16 07:20:00] DEBUG:  	-43	+disjointig_1	1068781	1070210	1429	
[2024-03-16 07:20:00] DEBUG: *	-24	+disjointig_1	1070210	1163335	93125	
[2024-03-16 07:20:00] DEBUG:  	-11	+disjointig_1	1163335	1164688	1353	
[2024-03-16 07:20:00] DEBUG: *	17	+disjointig_1	1164688	1331345	166657	
[2024-03-16 07:20:00] DEBUG:  	46	+disjointig_1	1331345	1332508	1163	
[2024-03-16 07:20:00] DEBUG: *	-27	+disjointig_1	1332508	1349611	17103	
[2024-03-16 07:20:00] DEBUG:  	-11	+disjointig_1	1349611	1350964	1353	
[2024-03-16 07:20:00] DEBUG: *	18	+disjointig_1	1350964	1632234	281270	
[2024-03-16 07:20:00] DEBUG:  	47	+disjointig_1	1632234	1633780	1546	
[2024-03-16 07:20:00] DEBUG: *	-28	+disjointig_1	1633780	1756878	123098	
[2024-03-16 07:20:00] DEBUG:  	-11	+disjointig_1	1756878	1758231	1353	
[2024-03-16 07:20:00] DEBUG: *	19	+disjointig_1	1758231	1839820	81589	
[2024-03-16 07:20:00] DEBUG:  	47	+disjointig_1	1839820	1841366	1546	
[2024-03-16 07:20:00] DEBUG: *	-32	+disjointig_1	1841366	2139751	298385	
[2024-03-16 07:20:00] DEBUG:  	31	+disjointig_1	2139751	2140832	1081	
[2024-03-16 07:20:00] DEBUG: *	36	+disjointig_1	2140832	2335806	194974	
[2024-03-16 07:20:00] DEBUG:  	48	+disjointig_1	2335806	2336834	1028	
[2024-03-16 07:20:00] DEBUG: *	-42	+disjointig_1	2336834	2400845	64011	
[2024-03-16 07:20:00] DEBUG:  	-40	+disjointig_1	2400845	2402293	1448	
[2024-03-16 07:20:00] DEBUG: *	-35	+disjointig_1	2402293	2774588	372295	
[2024-03-16 07:20:00] DEBUG:  	-31	+disjointig_1	2774588	2775883	1295	
[2024-03-16 07:20:00] DEBUG: *	33	+disjointig_1	2775883	2906129	130246	
[2024-03-16 07:20:00] DEBUG:  	48	+disjointig_1	2906129	2907157	1028	
[2024-03-16 07:20:00] DEBUG: *	-20	+disjointig_1	2907157	2947252	40095	
[2024-03-16 07:20:00] DEBUG:  	11	+disjointig_1	2947252	2948605	1353	
[2024-03-16 07:20:00] DEBUG: *	26	+disjointig_1	2948605	3172059	223454	
[2024-03-16 07:20:00] DEBUG:  	-46	+disjointig_1	3172059	3173222	1163	
[2024-03-16 07:20:00] DEBUG: *	-45	+disjointig_1	3173222	3174412	1190	
[2024-03-16 07:20:00] DEBUG:  	-43	+disjointig_1	3174412	3175843	1431	
[2024-03-16 07:20:00] DEBUG: *	44	+disjointig_1	3175843	3274480	98637	
[2024-03-16 07:20:00] DEBUG:  	43	+disjointig_1	3274480	3275909	1429	
[2024-03-16 07:20:00] DEBUG: *	-25	+disjointig_1	3275909	3528901	252992	
[2024-03-16 07:20:00] DEBUG:  	-11	+disjointig_1	3528901	3530254	1353	
[2024-03-16 07:20:00] DEBUG: *	13	+disjointig_1	3530254	3530855	601	
[2024-03-16 07:20:00] DEBUG:  	-11	+disjointig_1	3530855	3532208	1353	
[2024-03-16 07:20:00] DEBUG: *	14	+disjointig_1	3532208	3535682	3474	
[2024-03-16 07:20:00] DEBUG:  	-11	+disjointig_1	3535682	3537035	1353	
[2024-03-16 07:20:00] DEBUG: *	16	+disjointig_1	3537035	3826659	289624	
[2024-03-16 07:20:00] DEBUG:  	43	+disjointig_1	3826659	3828088	1429	
[2024-03-16 07:20:00] DEBUG: *	-12	+disjointig_1	3828088	4025852	197764	
[2024-03-16 07:20:00] DEBUG:  	21	+disjointig_1	4025852	4026954	1102	
[2024-03-16 07:20:00] DEBUG: *	-29	+disjointig_1	4026954	4027896	942	
[2024-03-16 07:20:00] DEBUG:  	-11	+disjointig_1	4027896	4029249	1353	
[2024-03-16 07:20:00] DEBUG:  	21	+disjointig_1	4029249	4030376	1127	
[2024-03-16 07:20:00] DEBUG: *	-22	+disjointig_1	4030376	4052438	22062	
[2024-03-16 07:20:00] DEBUG:  	11	+disjointig_1	4052438	4053791	1353	
[2024-03-16 07:20:00] DEBUG: *	30	+disjointig_1	4053791	4346874	293083	
[2024-03-16 07:20:00] DEBUG:  	49	+disjointig_1	4346874	4348089	1215	
[2024-03-16 07:20:00] DEBUG: *	51	+disjointig_1	4348089	4350836	2747	
[2024-03-16 07:20:00] DEBUG:  	53	+disjointig_1	4350836	4351966	1130	
[2024-03-16 07:20:00] DEBUG: *	-50	+disjointig_1	4351966	4352942	976	
[2024-03-16 07:20:00] DEBUG:  	49	+disjointig_1	4352942	4354159	1217	
[2024-03-16 07:20:00] DEBUG: *	52	+disjointig_1	4354159	4356927	2768	
[2024-03-16 07:20:00] DEBUG:  	53	+disjointig_1	4356927	4358056	1129	
[2024-03-16 07:20:00] DEBUG: *	-9	+disjointig_1	4358056	4395183	37127	
[2024-03-16 07:20:00] DEBUG:  	8	+disjointig_1	4395183	4396643	1460	
[2024-03-16 07:20:00] DEBUG: *	54	+disjointig_1	4396643	4460993	64350	
[2024-03-16 07:20:00] DEBUG:  	2	+disjointig_1	4460993	4462429	1436	
[2024-03-16 07:20:00] DEBUG: Total edges: 55
[2024-03-16 07:20:00] INFO: Parsing reads
[2024-03-16 07:20:05] DEBUG: Building positional index
[2024-03-16 07:20:05] DEBUG: Total sequence: 348756198 bp
[2024-03-16 07:20:05] DEBUG: Building positional index
[2024-03-16 07:20:05] DEBUG: Total sequence: 4417367 bp
[2024-03-16 07:20:05] INFO: Aligning reads to the graph
[2024-03-16 07:20:05] DEBUG: Mean k-mer frequency: 1.02692
[2024-03-16 07:20:05] DEBUG: Repetitive k-mer frequency: 102
[2024-03-16 07:20:05] DEBUG: Filtered 0 repetitive k-mers (0)
[2024-03-16 07:20:05] DEBUG: Sorting k-mer index
[2024-03-16 07:20:05] DEBUG: Selected k-mers: 1433491
[2024-03-16 07:20:05] DEBUG: K-mer index size: 1472079
[2024-03-16 07:20:05] DEBUG: Mean k-mer frequency: 1.02692
[2024-03-16 07:20:05] DEBUG: Minimizer rate: 3.00077
[2024-03-16 07:20:27] DEBUG: Total reads : 61957
[2024-03-16 07:20:27] DEBUG: Read with aligned parts : 58986
[2024-03-16 07:20:27] DEBUG: Aligned in one piece : 57858
[2024-03-16 07:20:27] INFO: Aligned read sequence: 308131644 / 327891942 (0.939735)
[2024-03-16 07:20:27] INFO: Median overlap divergence: 0.0138256
[2024-03-16 07:20:27] DEBUG: Sequence divergence distribution: 

    |  *                 |                                                                               
    | **                 |                                                                               
    | **                 |                                                                               
    | **                 |                                                                               
    | **                 |                                                                               
    | **                 |                                                                               
    | **                 |                                                                               
    | ***                |                                                                               
    | ***                |                                                                               
    | ***                |                                                                               
    | ***                |                                                                               
    | ***                |                                                                               
    | ***                |                                                                               
    | ****               |                                                                               
    | ****               |                                                                               
    |*****               |                                                                               
    |******              |                                                                               
    |*******             |                                                                               
    |*********           |                                                                               
    |*********************************************************** **** *** *  *  *  *                     
    ----------------------------------------------------------------------------------------------------
    0%        5%        10%       15%       20%       25%       30%       35%       40%       45%       

    Q25 = 0.0093, Q50 = 0.014, Q75 = 0.022

[2024-03-16 07:20:27] INFO: Mean edge coverage: 69
[2024-03-16 07:20:27] DEBUG: 2	len:1436	cov:137	mult:1.98551
[2024-03-16 07:20:27] DEBUG: -2	len:1436	cov:137	mult:1.98551
[2024-03-16 07:20:27] DEBUG: 3	len:105787	cov:68	mult:0.985507
[2024-03-16 07:20:27] DEBUG: -3	len:105787	cov:68	mult:0.985507
[2024-03-16 07:20:27] DEBUG: 6	len:63571	cov:63	mult:0.913043
[2024-03-16 07:20:27] DEBUG: -6	len:63571	cov:63	mult:0.913043
[2024-03-16 07:20:27] DEBUG: 8	len:1460	cov:123	mult:1.78261
[2024-03-16 07:20:27] DEBUG: -8	len:1460	cov:123	mult:1.78261
[2024-03-16 07:20:27] DEBUG: 9	len:37127	cov:60	mult:0.869565
[2024-03-16 07:20:27] DEBUG: -9	len:37127	cov:60	mult:0.869565
[2024-03-16 07:20:27] DEBUG: 10	len:15583	cov:63	mult:0.913043
[2024-03-16 07:20:27] DEBUG: -10	len:15583	cov:63	mult:0.913043
[2024-03-16 07:20:27] DEBUG: 11	len:1353	cov:732	mult:10.6087
[2024-03-16 07:20:27] DEBUG: -11	len:1353	cov:732	mult:10.6087
[2024-03-16 07:20:27] DEBUG: 12	len:197764	cov:69	mult:1
[2024-03-16 07:20:27] DEBUG: -12	len:197764	cov:69	mult:1
[2024-03-16 07:20:27] DEBUG: 13	len:601	cov:65	mult:0.942029
[2024-03-16 07:20:27] DEBUG: -13	len:601	cov:65	mult:0.942029
[2024-03-16 07:20:27] DEBUG: 14	len:3474	cov:59	mult:0.855072
[2024-03-16 07:20:27] DEBUG: -14	len:3474	cov:59	mult:0.855072
[2024-03-16 07:20:27] DEBUG: 15	len:161234	cov:64	mult:0.927536
[2024-03-16 07:20:27] DEBUG: -15	len:161234	cov:64	mult:0.927536
[2024-03-16 07:20:27] DEBUG: 16	len:289624	cov:67	mult:0.971014
[2024-03-16 07:20:27] DEBUG: -16	len:289624	cov:67	mult:0.971014
[2024-03-16 07:20:27] DEBUG: 17	len:166657	cov:68	mult:0.985507
[2024-03-16 07:20:27] DEBUG: -17	len:166657	cov:68	mult:0.985507
[2024-03-16 07:20:27] DEBUG: 18	len:281270	cov:68	mult:0.985507
[2024-03-16 07:20:27] DEBUG: -18	len:281270	cov:68	mult:0.985507
[2024-03-16 07:20:27] DEBUG: 19	len:81589	cov:72	mult:1.04348
[2024-03-16 07:20:27] DEBUG: -19	len:81589	cov:72	mult:1.04348
[2024-03-16 07:20:27] DEBUG: 20	len:40095	cov:68	mult:0.985507
[2024-03-16 07:20:27] DEBUG: -20	len:40095	cov:68	mult:0.985507
[2024-03-16 07:20:27] DEBUG: 21	len:1114	cov:146	mult:2.11594
[2024-03-16 07:20:27] DEBUG: -21	len:1114	cov:146	mult:2.11594
[2024-03-16 07:20:27] DEBUG: 22	len:22062	cov:67	mult:0.971014
[2024-03-16 07:20:27] DEBUG: -22	len:22062	cov:67	mult:0.971014
[2024-03-16 07:20:27] DEBUG: 23	len:36114	cov:64	mult:0.927536
[2024-03-16 07:20:27] DEBUG: -23	len:36114	cov:64	mult:0.927536
[2024-03-16 07:20:27] DEBUG: 24	len:93125	cov:70	mult:1.01449
[2024-03-16 07:20:27] DEBUG: -24	len:93125	cov:70	mult:1.01449
[2024-03-16 07:20:27] DEBUG: 25	len:252992	cov:67	mult:0.971014
[2024-03-16 07:20:27] DEBUG: -25	len:252992	cov:67	mult:0.971014
[2024-03-16 07:20:27] DEBUG: 26	len:223454	cov:71	mult:1.02899
[2024-03-16 07:20:27] DEBUG: -26	len:223454	cov:71	mult:1.02899
[2024-03-16 07:20:27] DEBUG: 27	len:17103	cov:67	mult:0.971014
[2024-03-16 07:20:27] DEBUG: -27	len:17103	cov:67	mult:0.971014
[2024-03-16 07:20:27] DEBUG: 28	len:123098	cov:73	mult:1.05797
[2024-03-16 07:20:27] DEBUG: -28	len:123098	cov:73	mult:1.05797
[2024-03-16 07:20:27] DEBUG: 29	len:942	cov:71	mult:1.02899
[2024-03-16 07:20:27] DEBUG: -29	len:942	cov:71	mult:1.02899
[2024-03-16 07:20:27] DEBUG: 30	len:293083	cov:63	mult:0.913043
[2024-03-16 07:20:27] DEBUG: -30	len:293083	cov:63	mult:0.913043
[2024-03-16 07:20:27] DEBUG: 31	len:1151	cov:196	mult:2.84058
[2024-03-16 07:20:27] DEBUG: -31	len:1151	cov:196	mult:2.84058
[2024-03-16 07:20:27] DEBUG: 32	len:298385	cov:72	mult:1.04348
[2024-03-16 07:20:27] DEBUG: -32	len:298385	cov:72	mult:1.04348
[2024-03-16 07:20:27] DEBUG: 33	len:130246	cov:70	mult:1.01449
[2024-03-16 07:20:27] DEBUG: -33	len:130246	cov:70	mult:1.01449
[2024-03-16 07:20:27] DEBUG: 34	len:140925	cov:72	mult:1.04348
[2024-03-16 07:20:27] DEBUG: -34	len:140925	cov:72	mult:1.04348
[2024-03-16 07:20:27] DEBUG: 35	len:372295	cov:72	mult:1.04348
[2024-03-16 07:20:27] DEBUG: -35	len:372295	cov:72	mult:1.04348
[2024-03-16 07:20:27] DEBUG: 36	len:194974	cov:73	mult:1.05797
[2024-03-16 07:20:27] DEBUG: -36	len:194974	cov:73	mult:1.05797
[2024-03-16 07:20:27] DEBUG: 37	len:1195	cov:110	mult:1.5942
[2024-03-16 07:20:27] DEBUG: -37	len:1195	cov:110	mult:1.5942
[2024-03-16 07:20:27] DEBUG: 38	len:2395	cov:53	mult:0.768116
[2024-03-16 07:20:27] DEBUG: -38	len:2395	cov:53	mult:0.768116
[2024-03-16 07:20:27] DEBUG: 39	len:161471	cov:64	mult:0.927536
[2024-03-16 07:20:27] DEBUG: -39	len:161471	cov:64	mult:0.927536
[2024-03-16 07:20:27] DEBUG: 40	len:1448	cov:109	mult:1.57971
[2024-03-16 07:20:27] DEBUG: -40	len:1448	cov:109	mult:1.57971
[2024-03-16 07:20:27] DEBUG: 41	len:125502	cov:64	mult:0.927536
[2024-03-16 07:20:27] DEBUG: -41	len:125502	cov:64	mult:0.927536
[2024-03-16 07:20:27] DEBUG: 42	len:64011	cov:77	mult:1.11594
[2024-03-16 07:20:27] DEBUG: -42	len:64011	cov:77	mult:1.11594
[2024-03-16 07:20:27] DEBUG: 43	len:1427	cov:345	mult:5
[2024-03-16 07:20:27] DEBUG: -43	len:1427	cov:345	mult:5
[2024-03-16 07:20:27] DEBUG: 44	len:98637	cov:73	mult:1.05797
[2024-03-16 07:20:27] DEBUG: -44	len:98637	cov:73	mult:1.05797
[2024-03-16 07:20:27] DEBUG: 45	len:1190	cov:82	mult:1.18841
[2024-03-16 07:20:27] DEBUG: -45	len:1190	cov:82	mult:1.18841
[2024-03-16 07:20:27] DEBUG: 46	len:1163	cov:143	mult:2.07246
[2024-03-16 07:20:27] DEBUG: -46	len:1163	cov:143	mult:2.07246
[2024-03-16 07:20:27] DEBUG: 47	len:1546	cov:117	mult:1.69565
[2024-03-16 07:20:27] DEBUG: -47	len:1546	cov:117	mult:1.69565
[2024-03-16 07:20:27] DEBUG: 48	len:1028	cov:144	mult:2.08696
[2024-03-16 07:20:27] DEBUG: -48	len:1028	cov:144	mult:2.08696
[2024-03-16 07:20:27] DEBUG: 49	len:1216	cov:137	mult:1.98551
[2024-03-16 07:20:27] DEBUG: -49	len:1216	cov:137	mult:1.98551
[2024-03-16 07:20:27] DEBUG: 50	len:976	cov:71	mult:1.02899
[2024-03-16 07:20:27] DEBUG: -50	len:976	cov:71	mult:1.02899
[2024-03-16 07:20:27] DEBUG: 51	len:2747	cov:73	mult:1.05797
[2024-03-16 07:20:27] DEBUG: -51	len:2747	cov:73	mult:1.05797
[2024-03-16 07:20:27] DEBUG: 52	len:2768	cov:66	mult:0.956522
[2024-03-16 07:20:27] DEBUG: -52	len:2768	cov:66	mult:0.956522
[2024-03-16 07:20:27] DEBUG: 53	len:1129	cov:133	mult:1.92754
[2024-03-16 07:20:27] DEBUG: -53	len:1129	cov:133	mult:1.92754
[2024-03-16 07:20:27] DEBUG: 54	len:64350	cov:69	mult:1
[2024-03-16 07:20:27] DEBUG: -54	len:64350	cov:69	mult:1
[2024-03-16 07:20:27] DEBUG: 55	len:197763	cov:66	mult:0.956522
[2024-03-16 07:20:27] DEBUG: -55	len:197763	cov:66	mult:0.956522
[2024-03-16 07:20:27] DEBUG: Unique coverage threshold 126
[2024-03-16 07:20:27] INFO: Simplifying the graph
[2024-03-16 07:20:27] DEBUG: Read coverage cutoff: 14
[2024-03-16 07:20:27] DEBUG: [SIMPL] Removed 0 paths with low coverage
[2024-03-16 07:20:27] DEBUG: [SIMPL] Masked 0 heterozygous loops
[2024-03-16 07:20:27] DEBUG: Regular bubble: {49,1216,137} {53,1129,133}
[2024-03-16 07:20:27] DEBUG: 	Internal: {52,2768,66} {51,2747,73}
[2024-03-16 07:20:27] DEBUG: [SIMPL] Masked 1 simple bubbles
[2024-03-16 07:20:27] DEBUG: Finding repeats
[2024-03-16 07:20:27] DEBUG: Read coverage cutoff: 14
[2024-03-16 07:20:27] DEBUG: High-cov: 2	1436	137
[2024-03-16 07:20:27] DEBUG: High-cov: 11	1353	732
[2024-03-16 07:20:27] DEBUG: High-cov: 21	1114	146
[2024-03-16 07:20:27] DEBUG: High-cov: 31	1151	196
[2024-03-16 07:20:27] DEBUG: Tandem: 37
[2024-03-16 07:20:27] DEBUG: High-cov: 43	1427	345
[2024-03-16 07:20:27] DEBUG: High-cov: 46	1163	143
[2024-03-16 07:20:27] DEBUG: High-cov: 48	1028	144
[2024-03-16 07:20:27] DEBUG: High-cov: 49	1216	137
[2024-03-16 07:20:27] DEBUG: Haplo-edge: 51
[2024-03-16 07:20:27] DEBUG: Haplo-edge: 52
[2024-03-16 07:20:27] DEBUG: High-cov: 53	1129	133
[2024-03-16 07:20:27] DEBUG: Repeat detection iteration 1
[2024-03-16 07:20:27] DEBUG: Starting 40 aln:119
[2024-03-16 07:20:27] DEBUG: 	      42	num:52	flank:21228	span:5
[2024-03-16 07:20:27] DEBUG: 	      41	num:40	flank:21230	span:6
[2024-03-16 07:20:27] DEBUG: Starting -40 aln:119
[2024-03-16 07:20:27] DEBUG: 	      -35	num:52	flank:21179	span:4
[2024-03-16 07:20:27] DEBUG: 	      -39	num:43	flank:22145	span:7
[2024-03-16 07:20:27] DEBUG: Mult: 40	1448	109	 (1,1)
[2024-03-16 07:20:27] DEBUG: Starting 8 aln:130
[2024-03-16 07:20:27] DEBUG: 	      10	num:55	flank:21528	span:6
[2024-03-16 07:20:27] DEBUG: 	      54	num:52	flank:35396	span:6
[2024-03-16 07:20:27] DEBUG: Starting -8 aln:130
[2024-03-16 07:20:27] DEBUG: 	      -55	num:55	flank:21130	span:5
[2024-03-16 07:20:27] DEBUG: 	      9	num:50	flank:33953	span:0
[2024-03-16 07:20:27] DEBUG: Mult: 8	1460	123	 (1,1)
[2024-03-16 07:20:27] DEBUG: Starting 47 aln:132
[2024-03-16 07:20:27] DEBUG: 	      -28	num:54	flank:22655	span:11
[2024-03-16 07:20:27] DEBUG: 	      -32	num:48	flank:21877	span:13
[2024-03-16 07:20:27] DEBUG: Starting -47 aln:132
[2024-03-16 07:20:27] DEBUG: 	      -18	num:56	flank:21109	span:5
[2024-03-16 07:20:27] DEBUG: 	      -19	num:49	flank:23435	span:3
[2024-03-16 07:20:27] DEBUG: Mult: 47	1546	117	 (1,1)
[2024-03-16 07:20:27] DEBUG: Writing Dot
[2024-03-16 07:20:27] DEBUG: Writing FASTA
[2024-03-16 07:20:27] DEBUG: [SIMPL] == Iteration 1 ==
[2024-03-16 07:20:27] DEBUG: Splitting nodes
[2024-03-16 07:20:27] DEBUG: [SIMPL] Split 0 nodes
[2024-03-16 07:20:27] DEBUG: [SIMPL] Clipped 0 short and 0 long tips
[2024-03-16 07:20:27] DEBUG: [SIMPL] Masked 0 heterozygous loops
[2024-03-16 07:20:27] DEBUG: Regular bubble: {49,1216,137} {53,1129,133}
[2024-03-16 07:20:27] DEBUG: 	Internal: {52,2768,66} {51,2747,73}
[2024-03-16 07:20:27] DEBUG: [SIMPL] Masked 1 simple bubbles
[2024-03-16 07:20:27] DEBUG: Finding repeats
[2024-03-16 07:20:27] DEBUG: Read coverage cutoff: 14
[2024-03-16 07:20:27] DEBUG: High-cov: 2	1436	137
[2024-03-16 07:20:27] DEBUG: High-cov: 11	1353	732
[2024-03-16 07:20:27] DEBUG: High-cov: 21	1114	146
[2024-03-16 07:20:27] DEBUG: High-cov: 31	1151	196
[2024-03-16 07:20:27] DEBUG: Tandem: 37
[2024-03-16 07:20:27] DEBUG: High-cov: 43	1427	345
[2024-03-16 07:20:27] DEBUG: High-cov: 46	1163	143
[2024-03-16 07:20:27] DEBUG: High-cov: 48	1028	144
[2024-03-16 07:20:27] DEBUG: High-cov: 49	1216	137
[2024-03-16 07:20:27] DEBUG: Haplo-edge: 51
[2024-03-16 07:20:27] DEBUG: Haplo-edge: 52
[2024-03-16 07:20:27] DEBUG: High-cov: 53	1129	133
[2024-03-16 07:20:27] DEBUG: Repeat detection iteration 1
[2024-03-16 07:20:27] DEBUG: Starting 40 aln:119
[2024-03-16 07:20:27] DEBUG: 	      42	num:52	flank:21228	span:5
[2024-03-16 07:20:27] DEBUG: 	      41	num:40	flank:21230	span:6
[2024-03-16 07:20:27] DEBUG: Starting -40 aln:119
[2024-03-16 07:20:27] DEBUG: 	      -35	num:52	flank:21179	span:4
[2024-03-16 07:20:27] DEBUG: 	      -39	num:43	flank:22145	span:7
[2024-03-16 07:20:27] DEBUG: Mult: 40	1448	109	 (1,1)
[2024-03-16 07:20:27] DEBUG: Starting 8 aln:130
[2024-03-16 07:20:27] DEBUG: 	      10	num:55	flank:21528	span:6
[2024-03-16 07:20:27] DEBUG: 	      54	num:52	flank:35396	span:6
[2024-03-16 07:20:27] DEBUG: Starting -8 aln:130
[2024-03-16 07:20:27] DEBUG: 	      -55	num:55	flank:21130	span:5
[2024-03-16 07:20:27] DEBUG: 	      9	num:50	flank:33953	span:0
[2024-03-16 07:20:27] DEBUG: Mult: 8	1460	123	 (1,1)
[2024-03-16 07:20:27] DEBUG: Starting 47 aln:132
[2024-03-16 07:20:27] DEBUG: 	      -28	num:54	flank:22655	span:11
[2024-03-16 07:20:27] DEBUG: 	      -32	num:48	flank:21877	span:13
[2024-03-16 07:20:27] DEBUG: Starting -47 aln:132
[2024-03-16 07:20:27] DEBUG: 	      -18	num:56	flank:21109	span:5
[2024-03-16 07:20:27] DEBUG: 	      -19	num:49	flank:23435	span:3
[2024-03-16 07:20:27] DEBUG: Mult: 47	1546	117	 (1,1)
[2024-03-16 07:20:27] DEBUG: Total unique edges: 36
[2024-03-16 07:20:27] DEBUG: 	Connection -29	-22	39	1
[2024-03-16 07:20:27] DEBUG: 	Connection 27	-17	39	1
[2024-03-16 07:20:27] DEBUG: 	Connection -44	45	55	1
[2024-03-16 07:20:27] DEBUG: 	Connection -36	32	45	1
[2024-03-16 07:20:27] DEBUG: 	Connection -50	-9	20	1
[2024-03-16 07:20:27] DEBUG: 	Connection 44	-25	45	1
[2024-03-16 07:20:27] DEBUG: 	Connection 41	-6	39	1
[2024-03-16 07:20:27] DEBUG: 	Connection -34	-15	44	1
[2024-03-16 07:20:27] DEBUG: 	Connection -16	-14	38	1
[2024-03-16 07:20:27] DEBUG: 	Connection 33	-20	39	1
[2024-03-16 07:20:27] DEBUG: 	Connection 18	-28	42	1
[2024-03-16 07:20:27] DEBUG: 	Connection 36	-42	60	1
[2024-03-16 07:20:27] DEBUG: 	Connection 38	-34	35	1
[2024-03-16 07:20:27] DEBUG: 	Connection -17	24	40	0.987654
[2024-03-16 07:20:27] DEBUG: 	Connection -54	9	40	1
[2024-03-16 07:20:27] DEBUG: 	Connection 10	23	36	1
[2024-03-16 07:20:27] DEBUG: 	Connection 29	12	50	1
[2024-03-16 07:20:27] DEBUG: 	Connection -22	30	43	1
[2024-03-16 07:20:27] DEBUG: 	Connection -3	6	44	1
[2024-03-16 07:20:27] DEBUG: 	Connection 32	-19	33	1
[2024-03-16 07:20:27] DEBUG: 	Connection -19	28	49	1
[2024-03-16 07:20:27] DEBUG: 	Connection -15	-23	32	1
[2024-03-16 07:20:27] DEBUG: 	Connection -35	33	45	1
[2024-03-16 07:20:27] DEBUG: 	Connection 55	10	42	1
[2024-03-16 07:20:27] DEBUG: 	Connection 12	-16	46	1
[2024-03-16 07:20:27] DEBUG: 	Connection -26	20	47	0.989474
[2024-03-16 07:20:27] DEBUG: 	Connection -18	27	50	1
[2024-03-16 07:20:27] DEBUG: 	Connection 3	-24	51	1
[2024-03-16 07:20:27] DEBUG: 	Connection -14	-13	47	1
[2024-03-16 07:20:27] DEBUG: 	Connection -13	25	44	1
[2024-03-16 07:20:27] DEBUG: 	Connection 50	-30	32	1
[2024-03-16 07:20:27] DEBUG: 	Connection 39	41	29	1
[2024-03-16 07:20:27] DEBUG: 	Connection -55	-54	40	1
[2024-03-16 07:20:27] DEBUG: 	Connection 35	42	39	1
[2024-03-16 07:20:27] DEBUG: 	Connection 45	-26	47	1
[2024-03-16 07:20:27] DEBUG: 	Connection -39	38	36	1
[2024-03-16 07:20:27] DEBUG: [SIMPL] Resolved repeats: 36
[2024-03-16 07:20:27] DEBUG: RR links: 3006
[2024-03-16 07:20:27] DEBUG: Unresolved: 0
[2024-03-16 07:20:27] DEBUG: Removed 0 simple and 0 double chimeric junctions
[2024-03-16 07:20:27] DEBUG: [SIMPL] == Iteration 2 ==
[2024-03-16 07:20:27] DEBUG: Splitting nodes
[2024-03-16 07:20:27] DEBUG: [SIMPL] Split 0 nodes
[2024-03-16 07:20:27] DEBUG: [SIMPL] Clipped 0 short and 0 long tips
[2024-03-16 07:20:27] DEBUG: [SIMPL] Masked 0 heterozygous loops
[2024-03-16 07:20:27] DEBUG: [SIMPL] Masked 0 simple bubbles
[2024-03-16 07:20:27] DEBUG: Finding repeats
[2024-03-16 07:20:27] DEBUG: Read coverage cutoff: 14
[2024-03-16 07:20:27] DEBUG: Repeat detection iteration 1
[2024-03-16 07:20:27] DEBUG: Total unique edges: 74
[2024-03-16 07:20:27] DEBUG: [SIMPL] Resolved repeats: 0
[2024-03-16 07:20:27] DEBUG: RR links: 0
[2024-03-16 07:20:27] DEBUG: Unresolved: 0
[2024-03-16 07:20:27] DEBUG: Removed 0 simple and 0 double chimeric junctions
[2024-03-16 07:20:27] DEBUG: [SIMPL] Collapsed 0 haplotypes
[2024-03-16 07:20:27] DEBUG: [SIMPL] Resolved 0 simple repeats
[2024-03-16 07:20:27] DEBUG: Read coverage cutoff: 14
[2024-03-16 07:20:27] DEBUG: [SIMPL] Removed 0 paths with low coverage
[2024-03-16 07:20:27] DEBUG: Finding repeats
[2024-03-16 07:20:27] DEBUG: Read coverage cutoff: 14
[2024-03-16 07:20:27] DEBUG: Repeat detection iteration 1
[2024-03-16 07:20:27] DEBUG: Writing Dot
[2024-03-16 07:20:28] DEBUG: Writing FASTA
[2024-03-16 07:20:28] DEBUG: Peak RAM usage: 0 Gb
-----------End assembly log------------
[2024-03-16 07:20:28] root: INFO: >>>STAGE: contigger
[2024-03-16 07:20:28] root: INFO: Generating contigs
[2024-03-16 07:20:28] root: DEBUG: -----Begin contigger analyser log------
[2024-03-16 07:20:28] root: DEBUG: Running: flye-modules contigger --graph-edges /n/holyscratch01/sfortune_lab/mchase/LibSingle_combo/flye_assembly_nano_corr/20-repeat/repeat_graph_edges.fasta --reads /n/holyscratch01/sfortune_lab/mchase/LibSingle_combo/fastq/LibSingle_combo_nanopore.fastq.gz --out-dir /n/holyscratch01/sfortune_lab/mchase/LibSingle_combo/flye_assembly_nano_corr/30-contigger --config /n/boslfs02/LABS/sfortune_lab/Lab/envs/assembly/lib/python3.10/site-packages/flye/config/bin_cfg/asm_corrected_reads.cfg --repeat-graph /n/holyscratch01/sfortune_lab/mchase/LibSingle_combo/flye_assembly_nano_corr/20-repeat/repeat_graph_dump --graph-aln /n/holyscratch01/sfortune_lab/mchase/LibSingle_combo/flye_assembly_nano_corr/20-repeat/read_alignment_dump --log /n/holyscratch01/sfortune_lab/mchase/LibSingle_combo/flye_assembly_nano_corr/flye.log --threads 8 --min-ovlp 1000
[2024-03-16 07:20:28] DEBUG: Build date: May 16 2023 07:10:57
[2024-03-16 07:20:28] DEBUG: Total RAM: 188 Gb
[2024-03-16 07:20:28] DEBUG: Available RAM: 178 Gb
[2024-03-16 07:20:28] DEBUG: Total CPUs: 48
[2024-03-16 07:20:28] DEBUG: Loading /n/boslfs02/LABS/sfortune_lab/Lab/envs/assembly/lib/python3.10/site-packages/flye/config/bin_cfg/asm_corrected_reads.cfg
[2024-03-16 07:20:28] DEBUG: Loading /n/boslfs02/LABS/sfortune_lab/Lab/envs/assembly/lib/python3.10/site-packages/flye/config/bin_cfg/asm_defaults.cfg
[2024-03-16 07:20:28] DEBUG: 	big_genome_threshold=29000000
[2024-03-16 07:20:28] DEBUG: 	meta_read_filter_kmer_freq=100
[2024-03-16 07:20:28] DEBUG: 	chain_large_gap_penalty=2
[2024-03-16 07:20:28] DEBUG: 	chain_small_gap_penalty=0.5
[2024-03-16 07:20:28] DEBUG: 	chain_gap_jump_threshold=100
[2024-03-16 07:20:28] DEBUG: 	max_coverage_drop_rate=5
[2024-03-16 07:20:28] DEBUG: 	max_extensions_drop_rate=5
[2024-03-16 07:20:28] DEBUG: 	chimera_window=100
[2024-03-16 07:20:28] DEBUG: 	chimera_overhang=1000
[2024-03-16 07:20:28] DEBUG: 	min_reads_in_disjointig=4
[2024-03-16 07:20:28] DEBUG: 	max_inner_reads=10
[2024-03-16 07:20:28] DEBUG: 	max_inner_fraction=0.25
[2024-03-16 07:20:28] DEBUG: 	max_separation=500
[2024-03-16 07:20:28] DEBUG: 	unique_edge_length=50000
[2024-03-16 07:20:28] DEBUG: 	min_repeat_res_support=0.51
[2024-03-16 07:20:28] DEBUG: 	out_paths_ratio=5
[2024-03-16 07:20:28] DEBUG: 	graph_cov_drop_rate=5
[2024-03-16 07:20:28] DEBUG: 	coverage_estimate_window=100
[2024-03-16 07:20:28] DEBUG: 	max_bubble_length=50000
[2024-03-16 07:20:28] DEBUG: 	loop_coverage_rate=1.5
[2024-03-16 07:20:28] DEBUG: 	repeat_edge_cov_mult=1.75
[2024-03-16 07:20:28] DEBUG: 	weak_detach_rate=5
[2024-03-16 07:20:28] DEBUG: 	tip_coverage_rate=2
[2024-03-16 07:20:28] DEBUG: 	tip_length_rate=2
[2024-03-16 07:20:28] DEBUG: 	output_gfa_before_rr=0
[2024-03-16 07:20:28] DEBUG: 	remove_alt_edges=0
[2024-03-16 07:20:28] DEBUG: 	low_cutoff_warning=0
[2024-03-16 07:20:28] DEBUG: 	kmer_size=17
[2024-03-16 07:20:28] DEBUG: 	use_minimizers=1
[2024-03-16 07:20:28] DEBUG: 	minimizer_window=5
[2024-03-16 07:20:28] DEBUG: 	reads_base_alignment=1
[2024-03-16 07:20:28] DEBUG: 	meta_read_top_kmer_rate=0.75
[2024-03-16 07:20:28] DEBUG: 	maximum_jump=1500
[2024-03-16 07:20:28] DEBUG: 	maximum_overhang=500
[2024-03-16 07:20:28] DEBUG: 	repeat_kmer_rate=100
[2024-03-16 07:20:28] DEBUG: 	assemble_ovlp_divergence=0.03
[2024-03-16 07:20:28] DEBUG: 	assemble_divergence_relative=1
[2024-03-16 07:20:28] DEBUG: 	repeat_graph_ovlp_divergence=0.03
[2024-03-16 07:20:28] DEBUG: 	read_align_ovlp_divergence=0.10
[2024-03-16 07:20:28] DEBUG: 	hpc_scoring_on=1
[2024-03-16 07:20:28] DEBUG: 	add_unassembled_reads=0
[2024-03-16 07:20:28] DEBUG: 	extend_contigs_with_repeats=0
[2024-03-16 07:20:28] DEBUG: 	min_read_cov_cutoff=3
[2024-03-16 07:20:28] DEBUG: 	short_tip_length=10000
[2024-03-16 07:20:28] DEBUG: 	long_tip_length=100000
[2024-03-16 07:20:28] DEBUG: Running with k-mer size: 17
[2024-03-16 07:20:28] DEBUG: Selected minimum overlap 1000
[2024-03-16 07:20:28] INFO: Reading sequences
[2024-03-16 07:20:33] DEBUG: Building positional index
[2024-03-16 07:20:33] DEBUG: Total sequence: 348756198 bp
[2024-03-16 07:20:33] DEBUG: Flipped 0
[2024-03-16 07:20:33] DEBUG: UPath 1: -83 -> -24 -> -69 -> 17 -> 57 -> -27 -> -82 -> 18 -> -66 -> -28 -> 76 -> 19 -> -75 -> -32 -> -59 -> 36 -> -67 -> -42 -> -89 -> -35 -> 78 -> 33 -> 65 -> -20 -> -81 -> 26 -> 90 -> -45 -> 58 -> 44 -> 61 -> -25 -> 85 -> 13 -> -84 -> 14 -> 64 -> 16 -> -80 -> -12 -> 72 -> -29 -> 56 -> -22 -> 73 -> 30 -> -86 -> -50 -> -60 -> -9 -> 70 -> 54 -> -88 -> 55 -> 79 -> 10 -> 71 -> 23 -> -77 -> 15 -> 63 -> 34 -> 68 -> -38 -> -91 -> 39 -> 87 -> 41 -> -62 -> -6 -> -74 -> 3
[2024-03-16 07:20:33] DEBUG: UPath 2: 51
[2024-03-16 07:20:33] DEBUG: UPath 3: 52
[2024-03-16 07:20:33] DEBUG: Final graph contains 3 egdes
[2024-03-16 07:20:33] DEBUG: Extending contigs into repeats
[2024-03-16 07:20:33] DEBUG: Covered 0 repetitive contigs
[2024-03-16 07:20:33] INFO: Generated 3 contigs
[2024-03-16 07:20:33] DEBUG: Writing FASTA
[2024-03-16 07:20:34] DEBUG: Generating scaffold connections
[2024-03-16 07:20:34] INFO: Added 0 scaffold connections
[2024-03-16 07:20:34] DEBUG: Writing Dot
[2024-03-16 07:20:34] DEBUG: Writing FASTA
[2024-03-16 07:20:34] DEBUG: Writing Gfa
[2024-03-16 07:20:34] DEBUG: Peak RAM usage: 0 Gb
-----------End assembly log------------
[2024-03-16 07:20:34] root: INFO: >>>STAGE: polishing
[2024-03-16 07:20:34] root: INFO: Polishing genome (1/1)
[2024-03-16 07:20:34] root: INFO: Running minimap2
[2024-03-16 07:21:00] root: INFO: Separating alignment into bubbles
[2024-03-16 07:22:12] root: DEBUG: Generated 305541 bubbles
[2024-03-16 07:22:12] root: DEBUG: Split 0 long bubbles
[2024-03-16 07:22:12] root: DEBUG: Skipped 0 empty bubbles
[2024-03-16 07:22:12] root: DEBUG: Skipped 0 bubbles with long branches
[2024-03-16 07:22:12] root: INFO: Alignment error rate: 0.024500
[2024-03-16 07:22:12] root: INFO: Correcting bubbles
[2024-03-16 07:22:36] root: DEBUG: Mean contig coverage: 78, selected threshold: 16
[2024-03-16 07:22:36] root: DEBUG: Filtered 2 contigs of total length 5514
[2024-03-16 07:22:36] root: DEBUG: Generating polished GFA
[2024-03-16 07:22:38] root: DEBUG: 0 sequences remained unpolished
[2024-03-16 07:22:39] root: INFO: >>>STAGE: finalize
[2024-03-16 07:22:39] root: DEBUG: ---Output dir contents:----
[2024-03-16 07:22:39] root: DEBUG: flye_assembly_nano_corr/
[2024-03-16 07:22:39] root: DEBUG:     92.0 B      params.json
[2024-03-16 07:22:39] root: DEBUG:     4.0 M       assembly.fasta
[2024-03-16 07:22:39] root: DEBUG:     48.0 K      flye.log
[2024-03-16 07:22:39] root: DEBUG:     595.0 B     assembly_graph.gv
[2024-03-16 07:22:39] root: DEBUG:     4.0 M       assembly_graph.gfa
[2024-03-16 07:22:39] root: DEBUG:     40-polishing/
[2024-03-16 07:22:39] root: DEBUG:         4.0 M       polished_edges.gfa
[2024-03-16 07:22:39] root: DEBUG:         4.0 M       filtered_contigs.fasta
[2024-03-16 07:22:39] root: DEBUG:         958.0 B     minimap.stderr
[2024-03-16 07:22:39] root: DEBUG:         2.0 K       edges_aln.bam.bai
[2024-03-16 07:22:39] root: DEBUG:         46.0 B      filtered_stats.txt
[2024-03-16 07:22:39] root: DEBUG:         128.0 K     minimap_1.bam.bai
[2024-03-16 07:22:39] root: DEBUG:         1.0 M       base_coverage.bed.gz
[2024-03-16 07:22:39] root: DEBUG:         26.0 B      filtered_contigs.fasta.fai
[2024-03-16 07:22:39] root: DEBUG:         80.0 B      contigs_stats.txt
[2024-03-16 07:22:39] root: DEBUG:     00-assembly/
[2024-03-16 07:22:39] root: DEBUG:         30.0 B      draft_assembly.fasta.fai
[2024-03-16 07:22:39] root: DEBUG:         4.0 M       draft_assembly.fasta
[2024-03-16 07:22:39] root: DEBUG:     10-consensus/
[2024-03-16 07:22:39] root: DEBUG:         1012.0 B    minimap.stderr
[2024-03-16 07:22:39] root: DEBUG:         4.0 M       consensus.fasta
[2024-03-16 07:22:39] root: DEBUG:         131.0 K     minimap.bam.bai
[2024-03-16 07:22:39] root: DEBUG:     30-contigger/
[2024-03-16 07:22:39] root: DEBUG:         82.0 B      contigs.fasta.fai
[2024-03-16 07:22:39] root: DEBUG:         4.0 M       contigs.fasta
[2024-03-16 07:22:39] root: DEBUG:         0.0 B       scaffolds_links.txt
[2024-03-16 07:22:39] root: DEBUG:         595.0 B     graph_final.gv
[2024-03-16 07:22:39] root: DEBUG:         4.0 M       graph_final.gfa
[2024-03-16 07:22:39] root: DEBUG:         174.0 B     contigs_stats.txt
[2024-03-16 07:22:39] root: DEBUG:         4.0 M       graph_final.fasta
[2024-03-16 07:22:39] root: DEBUG:     20-repeat/
[2024-03-16 07:22:39] root: DEBUG:         9.0 K       graph_after_rr.gv
[2024-03-16 07:22:39] root: DEBUG:         4.0 M       repeat_graph_edges.fasta
[2024-03-16 07:22:39] root: DEBUG:         4.0 M       graph_before_rr.fasta
[2024-03-16 07:22:39] root: DEBUG:         17.0 M      read_alignment_dump
[2024-03-16 07:22:39] root: DEBUG:         6.0 K       graph_before_rr.gv
[2024-03-16 07:22:39] root: DEBUG:         15.0 K      repeat_graph_dump
[2024-03-16 07:22:39] root: DEBUG: --------------------------
[2024-03-16 07:22:39] root: INFO: Assembly statistics:

	Total length:	4416072
	Fragments:	1
	Fragments N50:	4416072
	Largest frg:	4416072
	Scaffolds:	0
	Mean coverage:	79

[2024-03-16 07:22:39] root: INFO: Final assembly: /n/holyscratch01/sfortune_lab/mchase/LibSingle_combo/flye_assembly_nano_corr/assembly.fasta
